This is pdfTeX, Version 3.14159265-2.6-1.40.20 (TeX Live 2019/Debian) (preloaded format=pdflatex 2021.11.2)  2 NOV 2021 20:55
entering extended mode
 restricted \write18 enabled.
 %&-line parsing enabled.
**Pflichtenheft
(./Pflichtenheft
LaTeX2e <2020-02-02> patch level 2
L3 programming layer <2020-02-14>
(/usr/share/texlive/texmf-dist/tex/latex/base/article.cls
Document Class: article 2019/12/20 v1.4l Standard LaTeX document class
(/usr/share/texlive/texmf-dist/tex/latex/base/size12.clo
File: size12.clo 2019/12/20 v1.4l Standard LaTeX file (size option)
)
\c@part=\count167
\c@section=\count168
\c@subsection=\count169
\c@subsubsection=\count170
\c@paragraph=\count171
\c@subparagraph=\count172
\c@figure=\count173
\c@table=\count174
\abovecaptionskip=\skip47
\belowcaptionskip=\skip48
\bibindent=\dimen134
)
(/usr/share/texlive/texmf-dist/tex/latex/geometry/geometry.sty
Package: geometry 2020/01/02 v5.9 Page Geometry

(/usr/share/texlive/texmf-dist/tex/latex/graphics/keyval.sty
Package: keyval 2014/10/28 v1.15 key=value parser (DPC)
\KV@toks@=\toks14
)
(/usr/share/texlive/texmf-dist/tex/generic/iftex/ifvtex.sty
Package: ifvtex 2019/10/25 v1.7 ifvtex legacy package. Use iftex instead.

(/usr/share/texlive/texmf-dist/tex/generic/iftex/iftex.sty
Package: iftex 2019/11/07 v1.0c TeX engine tests
))
\Gm@cnth=\count175
\Gm@cntv=\count176
\c@Gm@tempcnt=\count177
\Gm@bindingoffset=\dimen135
\Gm@wd@mp=\dimen136
\Gm@odd@mp=\dimen137
\Gm@even@mp=\dimen138
\Gm@layoutwidth=\dimen139
\Gm@layoutheight=\dimen140
\Gm@layouthoffset=\dimen141
\Gm@layoutvoffset=\dimen142
\Gm@dimlist=\toks15
)
(/usr/share/texlive/texmf-dist/tex/latex/pdfpages/pdfpages.sty
Package: pdfpages 2020/01/28 v0.5q Insert pages of external PDF documents (AM)

(/usr/share/texlive/texmf-dist/tex/latex/base/ifthen.sty
Package: ifthen 2014/09/29 v1.1c Standard LaTeX ifthen package (DPC)
)
(/usr/share/texlive/texmf-dist/tex/latex/tools/calc.sty
Package: calc 2017/05/25 v4.3 Infix arithmetic (KKT,FJ)
\calc@Acount=\count178
\calc@Bcount=\count179
\calc@Adimen=\dimen143
\calc@Bdimen=\dimen144
\calc@Askip=\skip49
\calc@Bskip=\skip50
LaTeX Info: Redefining \setlength on input line 80.
LaTeX Info: Redefining \addtolength on input line 81.
\calc@Ccount=\count180
\calc@Cskip=\skip51
)
(/usr/share/texlive/texmf-dist/tex/latex/eso-pic/eso-pic.sty
Package: eso-pic 2018/04/12 v2.0h eso-pic (RN)

(/usr/share/texlive/texmf-dist/tex/generic/atbegshi/atbegshi.sty
Package: atbegshi 2019/12/05 v1.19 At begin shipout hook (HO)

(/usr/share/texlive/texmf-dist/tex/generic/infwarerr/infwarerr.sty
Package: infwarerr 2019/12/03 v1.5 Providing info/warning/error messages (HO)
)
(/usr/share/texlive/texmf-dist/tex/generic/ltxcmds/ltxcmds.sty
Package: ltxcmds 2019/12/15 v1.24 LaTeX kernel commands for general use (HO)
))
(/usr/share/texlive/texmf-dist/tex/latex/xcolor/xcolor.sty
Package: xcolor 2016/05/11 v2.12 LaTeX color extensions (UK)

(/usr/share/texlive/texmf-dist/tex/latex/graphics-cfg/color.cfg
File: color.cfg 2016/01/02 v1.6 sample color configuration
)
Package xcolor Info: Driver file: pdftex.def on input line 225.

(/usr/share/texlive/texmf-dist/tex/latex/graphics-def/pdftex.def
File: pdftex.def 2018/01/08 v1.0l Graphics/color driver for pdftex
)
Package xcolor Info: Model `cmy' substituted by `cmy0' on input line 1348.
Package xcolor Info: Model `hsb' substituted by `rgb' on input line 1352.
Package xcolor Info: Model `RGB' extended on input line 1364.
Package xcolor Info: Model `HTML' substituted by `rgb' on input line 1366.
Package xcolor Info: Model `Hsb' substituted by `hsb' on input line 1367.
Package xcolor Info: Model `tHsb' substituted by `hsb' on input line 1368.
Package xcolor Info: Model `HSB' substituted by `hsb' on input line 1369.
Package xcolor Info: Model `Gray' substituted by `gray' on input line 1370.
Package xcolor Info: Model `wave' substituted by `hsb' on input line 1371.
))
(/usr/share/texlive/texmf-dist/tex/latex/graphics/graphicx.sty
Package: graphicx 2019/11/30 v1.2a Enhanced LaTeX Graphics (DPC,SPQR)

(/usr/share/texlive/texmf-dist/tex/latex/graphics/graphics.sty
Package: graphics 2019/11/30 v1.4a Standard LaTeX Graphics (DPC,SPQR)

(/usr/share/texlive/texmf-dist/tex/latex/graphics/trig.sty
Package: trig 2016/01/03 v1.10 sin cos tan (DPC)
)
(/usr/share/texlive/texmf-dist/tex/latex/graphics-cfg/graphics.cfg
File: graphics.cfg 2016/06/04 v1.11 sample graphics configuration
)
Package graphics Info: Driver file: pdftex.def on input line 105.
)
\Gin@req@height=\dimen145
\Gin@req@width=\dimen146
)
\AM@pagewidth=\dimen147
\AM@pageheight=\dimen148

(/usr/share/texlive/texmf-dist/tex/latex/pdfpages/pppdftex.def
File: pppdftex.def 2020/01/28 v0.5q Pdfpages driver for pdfTeX (AM)
)
\AM@pagebox=\box45
\AM@global@opts=\toks16
\AM@pagecnt=\count181
\AM@toc@title=\toks17
\c@AM@survey=\count182
\AM@templatesizebox=\box46
)
(/usr/share/texlive/texmf-dist/tex/latex/gofonts/GoSans.sty
Package: GoSans 2019/10/12 (Bob Tennent and autoinst) Style file for Go Sans fo
nts.

(/usr/share/texlive/texmf-dist/tex/generic/iftex/ifxetex.sty
Package: ifxetex 2019/10/25 v0.7 ifxetex legacy package. Use iftex instead.
)
(/usr/share/texlive/texmf-dist/tex/generic/iftex/ifluatex.sty
Package: ifluatex 2019/10/25 v1.5 ifluatex legacy package. Use iftex instead.
)
(/usr/share/texlive/texmf-dist/tex/latex/xkeyval/xkeyval.sty
Package: xkeyval 2014/12/03 v2.7a package option processing (HA)

(/usr/share/texlive/texmf-dist/tex/generic/xkeyval/xkeyval.tex
(/usr/share/texlive/texmf-dist/tex/generic/xkeyval/xkvutils.tex
\XKV@toks=\toks18
\XKV@tempa@toks=\toks19
)
\XKV@depth=\count183
File: xkeyval.tex 2014/12/03 v2.7a key=value parser (HA)
))
(/usr/share/texlive/texmf-dist/tex/latex/base/textcomp.sty
Package: textcomp 2020/02/02 v2.0n Standard LaTeX package
)
(/usr/share/texlive/texmf-dist/tex/latex/base/fontenc.sty
Package: fontenc 2020/02/11 v2.0o Standard LaTeX package
)
(/usr/share/texlive/texmf-dist/tex/latex/fontaxes/fontaxes.sty
Package: fontaxes 2014/03/23 v1.0d Font selection axes
LaTeX Info: Redefining \upshape on input line 29.
LaTeX Info: Redefining \itshape on input line 31.
LaTeX Info: Redefining \slshape on input line 33.
LaTeX Info: Redefining \swshape on input line 35.
LaTeX Info: Redefining \scshape on input line 37.
LaTeX Info: Redefining \sscshape on input line 39.
LaTeX Info: Redefining \ulcshape on input line 41.
LaTeX Info: Redefining \textsw on input line 47.
LaTeX Info: Redefining \textssc on input line 48.
LaTeX Info: Redefining \textulc on input line 49.
))
(/usr/share/texlive/texmf-dist/tex/latex/l3backend/l3backend-pdfmode.def
File: l3backend-pdfmode.def 2020-02-03 L3 backend support: PDF mode
\l__kernel_color_stack_int=\count184
\l__pdf_internal_box=\box47
)
(./Pflichtenheft.aux)
\openout1 = `Pflichtenheft.aux'.

LaTeX Font Info:    Checking defaults for OML/cmm/m/it on input line 8.
LaTeX Font Info:    ... okay on input line 8.
LaTeX Font Info:    Checking defaults for OMS/cmsy/m/n on input line 8.
LaTeX Font Info:    ... okay on input line 8.
LaTeX Font Info:    Checking defaults for OT1/cmr/m/n on input line 8.
LaTeX Font Info:    ... okay on input line 8.
LaTeX Font Info:    Checking defaults for T1/cmr/m/n on input line 8.
LaTeX Font Info:    ... okay on input line 8.
LaTeX Font Info:    Checking defaults for TS1/cmr/m/n on input line 8.
LaTeX Font Info:    ... okay on input line 8.
LaTeX Font Info:    Checking defaults for OMX/cmex/m/n on input line 8.
LaTeX Font Info:    ... okay on input line 8.
LaTeX Font Info:    Checking defaults for U/cmr/m/n on input line 8.
LaTeX Font Info:    ... okay on input line 8.
LaTeX Font Info:    Trying to load font information for OT1+Go-TLF on input lin
e 8.

(/usr/share/texlive/texmf-dist/tex/latex/gofonts/OT1Go-TLF.fd
File: OT1Go-TLF.fd 2019/04/19 (autoinst) Font definitions for OT1/Go-TLF.
)
LaTeX Font Info:    Font shape `OT1/Go-TLF/m/n' in size <12> not available
(Font)              Font shape `OT1/Go-TLF/regular/n' tried instead on input li
ne 8.
LaTeX Font Info:    Font shape `OT1/Go-TLF/regular/n' will be
(Font)              scaled to size 12.0pt on input line 8.

*geometry* driver: auto-detecting
*geometry* detected driver: pdftex
*geometry* verbose mode - [ preamble ] result:
* driver: pdftex
* paper: <default>
* layout: <same size as paper>
* layoutoffset:(h,v)=(0.0pt,0.0pt)
* modes: 
* h-part:(L,W,R)=(72.26999pt, 469.75502pt, 72.26999pt)
* v-part:(T,H,B)=(72.26999pt, 650.43001pt, 72.26999pt)
* \paperwidth=614.295pt
* \paperheight=794.96999pt
* \textwidth=469.75502pt
* \textheight=650.43001pt
* \oddsidemargin=0.0pt
* \evensidemargin=0.0pt
* \topmargin=-37.0pt
* \headheight=12.0pt
* \headsep=25.0pt
* \topskip=12.0pt
* \footskip=30.0pt
* \marginparwidth=44.0pt
* \marginparsep=10.0pt
* \columnsep=10.0pt
* \skip\footins=10.8pt plus 4.0pt minus 2.0pt
* \hoffset=0.0pt
* \voffset=0.0pt
* \mag=1000
* \@twocolumnfalse
* \@twosidefalse
* \@mparswitchfalse
* \@reversemarginfalse
* (1in=72.27pt=25.4mm, 1cm=28.453pt)

\AtBeginShipoutBox=\box48
(/usr/share/texlive/texmf-dist/tex/context/base/mkii/supp-pdf.mkii
[Loading MPS to PDF converter (version 2006.09.02).]
\scratchcounter=\count185
\scratchdimen=\dimen149
\scratchbox=\box49
\nofMPsegments=\count186
\nofMParguments=\count187
\everyMPshowfont=\toks20
\MPscratchCnt=\count188
\MPscratchDim=\dimen150
\MPnumerator=\count189
\makeMPintoPDFobject=\count190
\everyMPtoPDFconversion=\toks21
) (/usr/share/texlive/texmf-dist/tex/latex/epstopdf-pkg/epstopdf-base.sty
Package: epstopdf-base 2020-01-24 v2.11 Base part for package epstopdf
Package epstopdf-base Info: Redefining graphics rule for `.eps' on input line 4
85.

(/usr/share/texlive/texmf-dist/tex/latex/latexconfig/epstopdf-sys.cfg
File: epstopdf-sys.cfg 2010/07/13 v1.3 Configuration of (r)epstopdf for TeX Liv
e
))
(/usr/share/texlive/texmf-dist/tex/latex/pdflscape/pdflscape.sty
Package: pdflscape 2019/12/05 v0.12 Display of landscape pages in PDF (HO)

(/usr/share/texlive/texmf-dist/tex/latex/graphics/lscape.sty
Package: lscape 2000/10/22 v3.01 Landscape Pages (DPC)
)
Package pdflscape Info: Auto-detected driver: pdftex on input line 81.
)
\c@mv@tabular=\count191
\c@mv@boldtabular=\count192
<DeckblattPflichtenheft.pdf, id=1, 597.53635pt x 845.04686pt>
File: DeckblattPflichtenheft.pdf Graphic file (type pdf)
<use DeckblattPflichtenheft.pdf>
Package pdftex.def Info: DeckblattPflichtenheft.pdf  used on input line 9.
(pdftex.def)             Requested size: 597.53488pt x 845.0448pt.
File: DeckblattPflichtenheft.pdf Graphic file (type pdf)
<use DeckblattPflichtenheft.pdf>
Package pdftex.def Info: DeckblattPflichtenheft.pdf  used on input line 9.
(pdftex.def)             Requested size: 597.53488pt x 845.0448pt.
<DeckblattPflichtenheft.pdf, id=4, page=1, 597.53635pt x 845.04686pt>
File: DeckblattPflichtenheft.pdf Graphic file (type pdf)
<use DeckblattPflichtenheft.pdf, page 1>
Package pdftex.def Info: DeckblattPflichtenheft.pdf , page1 used on input line 
9.
(pdftex.def)             Requested size: 597.53488pt x 845.0448pt.
File: DeckblattPflichtenheft.pdf Graphic file (type pdf)
<use DeckblattPflichtenheft.pdf, page 1>
Package pdftex.def Info: DeckblattPflichtenheft.pdf , page1 used on input line 
9.
(pdftex.def)             Requested size: 562.14925pt x 795.00179pt.
File: DeckblattPflichtenheft.pdf Graphic file (type pdf)
<use DeckblattPflichtenheft.pdf, page 1>
Package pdftex.def Info: DeckblattPflichtenheft.pdf , page1 used on input line 
9.
(pdftex.def)             Requested size: 562.14925pt x 795.00179pt.
File: DeckblattPflichtenheft.pdf Graphic file (type pdf)
<use DeckblattPflichtenheft.pdf, page 1>
Package pdftex.def Info: DeckblattPflichtenheft.pdf , page1 used on input line 
9.
(pdftex.def)             Requested size: 562.14925pt x 795.00179pt.
File: DeckblattPflichtenheft.pdf Graphic file (type pdf)
<use DeckblattPflichtenheft.pdf, page 1>
Package pdftex.def Info: DeckblattPflichtenheft.pdf , page1 used on input line 
9.
(pdftex.def)             Requested size: 562.14925pt x 795.00179pt.
 [1

 <./DeckblattPflichtenheft.pdf>]
LaTeX Font Info:    Font shape `OT1/Go-TLF/m/n' in size <17.28> not available
(Font)              Font shape `OT1/Go-TLF/regular/n' tried instead on input li
ne 14.
LaTeX Font Info:    Font shape `OT1/Go-TLF/regular/n' will be
(Font)              scaled to size 17.28pt on input line 14.
LaTeX Font Info:    Font shape `OT1/Go-TLF/b/n' in size <17.28> not available
(Font)              Font shape `OT1/Go-TLF/bold/n' tried instead on input line 
14.
LaTeX Font Info:    Font shape `OT1/Go-TLF/bold/n' will be
(Font)              scaled to size 17.28pt on input line 14.

No file Pflichtenheft.toc.
\tf@toc=\write3
\openout3 = `Pflichtenheft.toc'.

[2{/var/lib/texmf/fonts/map/pdftex/updmap/pdftex.map}]
LaTeX Font Info:    Font shape `OT1/Go-TLF/m/n' in size <14.4> not available
(Font)              Font shape `OT1/Go-TLF/regular/n' tried instead on input li
ne 18.
LaTeX Font Info:    Font shape `OT1/Go-TLF/regular/n' will be
(Font)              scaled to size 14.4pt on input line 18.
LaTeX Font Info:    Font shape `OT1/Go-TLF/b/n' in size <14.4> not available
(Font)              Font shape `OT1/Go-TLF/bold/n' tried instead on input line 
18.
LaTeX Font Info:    Font shape `OT1/Go-TLF/bold/n' will be
(Font)              scaled to size 14.4pt on input line 18.

Overfull \hbox (13.4213pt too wide) in paragraph at lines 19--21
\OT1/Go-TLF/regular/n/12 Das Pro-gramm soll dazu di-enen, Zel-lul[]are Au-to-ma
ten auf einem 2-D or-thog-o-nalen Spielfeld
 []

LaTeX Font Info:    Trying to load font information for TS1+Go-TLF on input lin
e 22.
(/usr/share/texlive/texmf-dist/tex/latex/gofonts/TS1Go-TLF.fd
File: TS1Go-TLF.fd 2019/04/19 (autoinst) Font definitions for TS1/Go-TLF.
)
LaTeX Font Info:    Font shape `TS1/Go-TLF/m/n' in size <12> not available
(Font)              Font shape `TS1/Go-TLF/regular/n' tried instead on input li
ne 22.
LaTeX Font Info:    Font shape `TS1/Go-TLF/regular/n' will be
(Font)              scaled to size 12.0pt on input line 22.

Overfull \hbox (3.73615pt too wide) in paragraph at lines 24--25
[]\OT1/Go-TLF/regular/n/12 Es ist er-forder-lich, eine einzelne Gen-er-a-tion w
eiter sprin-gen zu k[]onnen, dies ben[]otigt
 []


Overfull \hbox (11.13991pt too wide) in paragraph at lines 27--28
\OT1/Go-TLF/regular/n/12 w[]ahlbar sein, so-dass das Spiel en-tweder auf einer 
endlichen Fl[]ache mit toten R[]andern
 []


Overfull \hbox (20.87471pt too wide) in paragraph at lines 28--29
[]\OT1/Go-TLF/regular/n/12 Es ist gew[]unscht, dass die Spiel-regeln an-pass-ba
r sind. Dies soll []uber eine Eingabezeile
 []

[3]
Overfull \hbox (2.90675pt too wide) in paragraph at lines 31--32
[]\OT1/Go-TLF/regular/n/12 Das Spielfeld soll als zwei-di-men-sion-ales Ar-ray 
aus-gef[]uhrt sein, in welchem Integer-
 []

[4]
LaTeX Font Info:    Font shape `OT1/Go-TLF/b/n' in size <12> not available
(Font)              Font shape `OT1/Go-TLF/bold/n' tried instead on input line 
52.
LaTeX Font Info:    Font shape `OT1/Go-TLF/bold/n' will be
(Font)              scaled to size 12.0pt on input line 52.
 [5] [6] [7] [8] (./Pflichtenheft.aux) ) 
Here is how much of TeX's memory you used:
 3884 strings out of 481239
 57638 string characters out of 5920377
 302501 words of memory out of 5000000
 19101 multiletter control sequences out of 15000+600000
 534770 words of font info for 33 fonts, out of 8000000 for 9000
 1141 hyphenation exceptions out of 8191
 40i,18n,48p,563b,509s stack positions out of 5000i,500n,10000p,200000b,80000s
{/usr/share/texlive/texmf-dist/fonts/en
c/dvips/gofonts/go_dhlxve.enc}{/usr/share/texlive/texmf-dist/fonts/enc/dvips/go
fonts/go_2qimm2.enc}</usr/share/texlive/texmf-dist/fonts/type1/bh/gofonts/Go-Bo
ld.pfb></usr/share/texlive/texmf-dist/fonts/type1/bh/gofonts/Go-Regular.pfb>
Output written on Pflichtenheft.pdf (8 pages, 392252 bytes).
PDF statistics:
 66 PDF objects out of 1000 (max. 8388607)
 42 compressed objects within 1 object stream
 0 named destinations out of 1000 (max. 500000)
 21 words of extra memory for PDF output out of 10000 (max. 10000000)

